<html>
<head>
<title>TestNG:  Default test</title>
<link href="../testng.css" rel="stylesheet" type="text/css" />
<link href="../my-testng.css" rel="stylesheet" type="text/css" />

<style type="text/css">
.log { display: none;} 
.stack-trace { display: none;} 
</style>
<script type="text/javascript">
<!--
function flip(e) {
  current = e.style.display;
  if (current == 'block') {
    e.style.display = 'none';
    return 0;
  }
  else {
    e.style.display = 'block';
    return 1;
  }
}

function toggleBox(szDivId, elem, msg1, msg2)
{
  var res = -1;  if (document.getElementById) {
    res = flip(document.getElementById(szDivId));
  }
  else if (document.all) {
    // this is the way old msie versions work
    res = flip(document.all[szDivId]);
  }
  if(elem) {
    if(res == 0) elem.innerHTML = msg1; else elem.innerHTML = msg2;
  }

}

function toggleAllBoxes() {
  if (document.getElementsByTagName) {
    d = document.getElementsByTagName('div');
    for (i = 0; i < d.length; i++) {
      if (d[i].className == 'log') {
        flip(d[i]);
      }
    }
  }
}

// -->
</script>

</head>
<body>
<h2 align='center'>Default test</h2><table border='1' align="center">
<tr>
<td>Tests passed/Failed/Skipped:</td><td>24/2/0</td>
</tr><tr>
<td>Started on:</td><td>Wed May 20 19:45:12 EDT 2020</td>
</tr>
<tr><td>Total time:</td><td>1 seconds (1441 ms)</td>
</tr><tr>
<td>Included groups:</td><td></td>
</tr><tr>
<td>Excluded groups:</td><td></td>
</tr>
</table><p/>
<small><i>(Hover the method name to see the test class name)</i></small><p/>
<table width='100%' border='1' class='invocation-failed'>
<tr><td colspan='4' align='center'><b>FAILED TESTS</b></td></tr>
<tr><td><b>Test method</b></td>
<td width="30%"><b>Exception</b></td>
<td width="10%"><b>Time (seconds)</b></td>
<td><b>Instance</b></td>
</tr>
<tr>
<td title='org.sweatshop.format_server.FormatServerApplicationTest.runTest()'><b>runTest</b><br>Test class: org.sweatshop.format_server.FormatServerApplicationTest</td>
<td><div><pre>java.lang.RuntimeException: Test not implemented
	at org.sweatshop.format_server.FormatServerApplicationTest.runTest(FormatServerApplicationTest.java:25)
	at java.base/jdk.internal.reflect.NativeMethodAccessorImpl.invoke0(Native Method)
	at java.base/jdk.internal.reflect.NativeMethodAccessorImpl.invoke(NativeMethodAccessorImpl.java:62)
	at java.base/jdk.internal.reflect.DelegatingMethodAccessorImpl.invoke(DelegatingMethodAccessorImpl.java:43)
	at java.base/java.lang.reflect.Method.invoke(Method.java:566)
	at org.testng.internal.MethodInvocationHelper.invokeMethod(MethodInvocationHelper.java:133)
	at org.testng.internal.TestInvoker.invokeMethod(TestInvoker.java:584)
	at org.testng.internal.TestInvoker.invokeTestMethod(TestInvoker.java:172)
	at org.testng.internal.MethodRunner.runInSequence(MethodRunner.java:46)
	at org.testng.internal.TestInvoker$MethodInvocationAgent.invoke(TestInvoker.java:804)
	at org.testng.internal.TestInvoker.invokeTestMethods(TestInvoker.java:145)
	at org.testng.internal.TestMethodWorker.invokeTestMethods(TestMethodWorker.java:146)
	at org.testng.internal.TestMethodWorker.run(TestMethodWorker.java:128)
	at java.base/java.util.ArrayList.forEach(ArrayList.java:1540)
	at org.testng.TestRunner.privateRun(TestRunner.java:770)
	at org.testng.TestRunner.run(TestRunner.java:591)
	at org.testng.SuiteRunner.runTest(SuiteRunner.java:402)
	at org.testng.SuiteRunner.runSequentially(SuiteRunner.java:396)
	at org.testng.SuiteRunner.privateRun(SuiteRunner.java:355)
	at org.testng.SuiteRunner.run(SuiteRunner.java:304)
	at org.testng.SuiteRunnerWorker.runSuite(SuiteRunnerWorker.java:53)
	at org.testng.SuiteRunnerWorker.run(SuiteRunnerWorker.java:96)
	at org.testng.TestNG.runSuitesSequentially(TestNG.java:1180)
	at org.testng.TestNG.runSuitesLocally(TestNG.java:1102)
	at org.testng.TestNG.runSuites(TestNG.java:1032)
	at org.testng.TestNG.run(TestNG.java:1000)
	at org.testng.remote.AbstractRemoteTestNG.run(AbstractRemoteTestNG.java:115)
	at org.testng.remote.RemoteTestNG.initAndRun(RemoteTestNG.java:251)
	at org.testng.remote.RemoteTestNG.main(RemoteTestNG.java:77)
</pre></div><a href='#' onClick='toggleBox("stack-trace649154765", this, "Click to show all stack frames", "Click to hide stack frames")'>Click to show all stack frames</a>
<div class='stack-trace' id='stack-trace649154765'><pre>java.lang.RuntimeException: Test not implemented
	at org.sweatshop.format_server.FormatServerApplicationTest.runTest(FormatServerApplicationTest.java:25)
	at java.base/jdk.internal.reflect.NativeMethodAccessorImpl.invoke0(Native Method)
	at java.base/jdk.internal.reflect.NativeMethodAccessorImpl.invoke(NativeMethodAccessorImpl.java:62)
	at java.base/jdk.internal.reflect.DelegatingMethodAccessorImpl.invoke(DelegatingMethodAccessorImpl.java:43)
	at java.base/java.lang.reflect.Method.invoke(Method.java:566)
	at org.testng.internal.MethodInvocationHelper.invokeMethod(MethodInvocationHelper.java:133)
	at org.testng.internal.TestInvoker.invokeMethod(TestInvoker.java:584)
	at org.testng.internal.TestInvoker.invokeTestMethod(TestInvoker.java:172)
	at org.testng.internal.MethodRunner.runInSequence(MethodRunner.java:46)
	at org.testng.internal.TestInvoker$MethodInvocationAgent.invoke(TestInvoker.java:804)
	at org.testng.internal.TestInvoker.invokeTestMethods(TestInvoker.java:145)
	at org.testng.internal.TestMethodWorker.invokeTestMethods(TestMethodWorker.java:146)
	at org.testng.internal.TestMethodWorker.run(TestMethodWorker.java:128)
	at java.base/java.util.ArrayList.forEach(ArrayList.java:1540)
	at org.testng.TestRunner.privateRun(TestRunner.java:770)
	at org.testng.TestRunner.run(TestRunner.java:591)
	at org.testng.SuiteRunner.runTest(SuiteRunner.java:402)
	at org.testng.SuiteRunner.runSequentially(SuiteRunner.java:396)
	at org.testng.SuiteRunner.privateRun(SuiteRunner.java:355)
	at org.testng.SuiteRunner.run(SuiteRunner.java:304)
	at org.testng.SuiteRunnerWorker.runSuite(SuiteRunnerWorker.java:53)
	at org.testng.SuiteRunnerWorker.run(SuiteRunnerWorker.java:96)
	at org.testng.TestNG.runSuitesSequentially(TestNG.java:1180)
	at org.testng.TestNG.runSuitesLocally(TestNG.java:1102)
	at org.testng.TestNG.runSuites(TestNG.java:1032)
	at org.testng.TestNG.run(TestNG.java:1000)
	at org.testng.remote.AbstractRemoteTestNG.run(AbstractRemoteTestNG.java:115)
	at org.testng.remote.RemoteTestNG.initAndRun(RemoteTestNG.java:251)
	at org.testng.remote.RemoteTestNG.main(RemoteTestNG.java:77)
</pre></div></td>
<td>0</td>
<td>org.sweatshop.format_server.FormatServerApplicationTest@7c241a9f</td></tr>
<tr>
<td title='org.sweatshop.format_server.config.FilesConfigTest.triedSendingNullTest()'><b>triedSendingNullTest</b><br>Test class: org.sweatshop.format_server.config.FilesConfigTest</td>
<td><div><pre>java.lang.AssertionError: Sets differ: expected [] but got [ConstraintViolationImpl{interpolatedMessage=&apos;must not be null&apos;, propertyPath=headerFile, rootBeanClass=class org.sweatshop.format_server.config.FilesConfig, messageTemplate=&apos;{javax.validation.constraints.NotNull.message}&apos;}, ConstraintViolationImpl{interpolatedMessage=&apos;must not be null&apos;, propertyPath=footerFile, rootBeanClass=class org.sweatshop.format_server.config.FilesConfig, messageTemplate=&apos;{javax.validation.constraints.NotNull.message}&apos;}, ConstraintViolationImpl{interpolatedMessage=&apos;must not be null&apos;, propertyPath=filesDir, rootBeanClass=class org.sweatshop.format_server.config.FilesConfig, messageTemplate=&apos;{javax.validation.constraints.NotNull.message}&apos;}, ConstraintViolationImpl{interpolatedMessage=&apos;must not be null&apos;, propertyPath=error404, rootBeanClass=class org.sweatshop.format_server.config.FilesConfig, messageTemplate=&apos;{javax.validation.constraints.NotNull.message}&apos;}]
	at org.testng.Assert.fail(Assert.java:97)
	at org.testng.Assert.assertEquals(Assert.java:1268)
	at org.testng.Assert.assertEquals(Assert.java:1248)
	at org.sweatshop.format_server.config.FilesConfigTest.triedSendingNullTest(FilesConfigTest.java:35)
	at java.base/jdk.internal.reflect.NativeMethodAccessorImpl.invoke0(Native Method)
	at java.base/jdk.internal.reflect.NativeMethodAccessorImpl.invoke(NativeMethodAccessorImpl.java:62)
	at java.base/jdk.internal.reflect.DelegatingMethodAccessorImpl.invoke(DelegatingMethodAccessorImpl.java:43)
	at java.base/java.lang.reflect.Method.invoke(Method.java:566)
	at org.testng.internal.MethodInvocationHelper.invokeMethod(MethodInvocationHelper.java:133)
	at org.testng.internal.TestInvoker.invokeMethod(TestInvoker.java:584)
	at org.testng.internal.TestInvoker.invokeTestMethod(TestInvoker.java:172)
	at org.testng.internal.MethodRunner.runInSequence(MethodRunner.java:46)
	at org.testng.internal.TestInvoker$MethodInvocationAgent.invoke(TestInvoker.java:804)
	at org.testng.internal.TestInvoker.invokeTestMethods(TestInvoker.java:145)
	at org.testng.internal.TestMethodWorker.invokeTestMethods(TestMethodWorker.java:146)
	at org.testng.internal.TestMethodWorker.run(TestMethodWorker.java:128)
	at java.base/java.util.ArrayList.forEach(ArrayList.java:1540)
	at org.testng.TestRunner.privateRun(TestRunner.java:770)
	at org.testng.TestRunner.run(TestRunner.java:591)
	at org.testng.SuiteRunner.runTest(SuiteRunner.java:402)
	at org.testng.SuiteRunner.runSequentially(SuiteRunner.java:396)
	at org.testng.SuiteRunner.privateRun(SuiteRunner.java:355)
	at org.testng.SuiteRunner.run(SuiteRunner.java:304)
	at org.testng.SuiteRunnerWorker.runSuite(SuiteRunnerWorker.java:53)
	at org.testng.SuiteRunnerWorker.run(SuiteRunnerWorker.java:96)
	at org.testng.TestNG.runSuitesSequentially(TestNG.java:1180)
	at org.testng.TestNG.runSuitesLocally(TestNG.java:1102)
	at org.testng.TestNG.runSuites(TestNG.java:1032)
	at org.testng.TestNG.run(TestNG.java:1000)
	at org.testng.remote.AbstractRemoteTestNG.run(AbstractRemoteTestNG.java:115)
	at org.testng.remote.RemoteTestNG.initAndRun(RemoteTestNG.java:251)
	at org.testng.remote.RemoteTestNG.main(RemoteTestNG.java:77)
</pre></div><a href='#' onClick='toggleBox("stack-trace1171120083", this, "Click to show all stack frames", "Click to hide stack frames")'>Click to show all stack frames</a>
<div class='stack-trace' id='stack-trace1171120083'><pre>java.lang.AssertionError: Sets differ: expected [] but got [ConstraintViolationImpl{interpolatedMessage=&apos;must not be null&apos;, propertyPath=headerFile, rootBeanClass=class org.sweatshop.format_server.config.FilesConfig, messageTemplate=&apos;{javax.validation.constraints.NotNull.message}&apos;}, ConstraintViolationImpl{interpolatedMessage=&apos;must not be null&apos;, propertyPath=footerFile, rootBeanClass=class org.sweatshop.format_server.config.FilesConfig, messageTemplate=&apos;{javax.validation.constraints.NotNull.message}&apos;}, ConstraintViolationImpl{interpolatedMessage=&apos;must not be null&apos;, propertyPath=filesDir, rootBeanClass=class org.sweatshop.format_server.config.FilesConfig, messageTemplate=&apos;{javax.validation.constraints.NotNull.message}&apos;}, ConstraintViolationImpl{interpolatedMessage=&apos;must not be null&apos;, propertyPath=error404, rootBeanClass=class org.sweatshop.format_server.config.FilesConfig, messageTemplate=&apos;{javax.validation.constraints.NotNull.message}&apos;}]
	at org.testng.Assert.fail(Assert.java:97)
	at org.testng.Assert.assertEquals(Assert.java:1268)
	at org.testng.Assert.assertEquals(Assert.java:1248)
	at org.sweatshop.format_server.config.FilesConfigTest.triedSendingNullTest(FilesConfigTest.java:35)
	at java.base/jdk.internal.reflect.NativeMethodAccessorImpl.invoke0(Native Method)
	at java.base/jdk.internal.reflect.NativeMethodAccessorImpl.invoke(NativeMethodAccessorImpl.java:62)
	at java.base/jdk.internal.reflect.DelegatingMethodAccessorImpl.invoke(DelegatingMethodAccessorImpl.java:43)
	at java.base/java.lang.reflect.Method.invoke(Method.java:566)
	at org.testng.internal.MethodInvocationHelper.invokeMethod(MethodInvocationHelper.java:133)
	at org.testng.internal.TestInvoker.invokeMethod(TestInvoker.java:584)
	at org.testng.internal.TestInvoker.invokeTestMethod(TestInvoker.java:172)
	at org.testng.internal.MethodRunner.runInSequence(MethodRunner.java:46)
	at org.testng.internal.TestInvoker$MethodInvocationAgent.invoke(TestInvoker.java:804)
	at org.testng.internal.TestInvoker.invokeTestMethods(TestInvoker.java:145)
	at org.testng.internal.TestMethodWorker.invokeTestMethods(TestMethodWorker.java:146)
	at org.testng.internal.TestMethodWorker.run(TestMethodWorker.java:128)
	at java.base/java.util.ArrayList.forEach(ArrayList.java:1540)
	at org.testng.TestRunner.privateRun(TestRunner.java:770)
	at org.testng.TestRunner.run(TestRunner.java:591)
	at org.testng.SuiteRunner.runTest(SuiteRunner.java:402)
	at org.testng.SuiteRunner.runSequentially(SuiteRunner.java:396)
	at org.testng.SuiteRunner.privateRun(SuiteRunner.java:355)
	at org.testng.SuiteRunner.run(SuiteRunner.java:304)
	at org.testng.SuiteRunnerWorker.runSuite(SuiteRunnerWorker.java:53)
	at org.testng.SuiteRunnerWorker.run(SuiteRunnerWorker.java:96)
	at org.testng.TestNG.runSuitesSequentially(TestNG.java:1180)
	at org.testng.TestNG.runSuitesLocally(TestNG.java:1102)
	at org.testng.TestNG.runSuites(TestNG.java:1032)
	at org.testng.TestNG.run(TestNG.java:1000)
	at org.testng.remote.AbstractRemoteTestNG.run(AbstractRemoteTestNG.java:115)
	at org.testng.remote.RemoteTestNG.initAndRun(RemoteTestNG.java:251)
	at org.testng.remote.RemoteTestNG.main(RemoteTestNG.java:77)
</pre></div></td>
<td>0</td>
<td>org.sweatshop.format_server.config.FilesConfigTest@2ba1209b</td></tr>
</table><p>
<table width='100%' border='1' class='invocation-passed'>
<tr><td colspan='4' align='center'><b>PASSED TESTS</b></td></tr>
<tr><td><b>Test method</b></td>
<td width="30%"><b>Exception</b></td>
<td width="10%"><b>Time (seconds)</b></td>
<td><b>Instance</b></td>
</tr>
<tr>
<td title='org.sweatshop.format_server.resources.FormatServerResourcesTest.getDefaultNameTest()'><b>getDefaultNameTest</b><br>Test class: org.sweatshop.format_server.resources.FormatServerResourcesTest</td>
<td></td>
<td>0</td>
<td>org.sweatshop.format_server.resources.FormatServerResourcesTest@27fe059d</td></tr>
<tr>
<td title='org.sweatshop.format_server.resources.FormatServerResourcesTest.getFilesConfigTest()'><b>getFilesConfigTest</b><br>Test class: org.sweatshop.format_server.resources.FormatServerResourcesTest</td>
<td></td>
<td>0</td>
<td>org.sweatshop.format_server.resources.FormatServerResourcesTest@27fe059d</td></tr>
<tr>
<td title='org.sweatshop.format_server.FormatServerApplicationTest.getNameTest()'><b>getNameTest</b><br>Test class: org.sweatshop.format_server.FormatServerApplicationTest</td>
<td></td>
<td>0</td>
<td>org.sweatshop.format_server.FormatServerApplicationTest@7c241a9f</td></tr>
<tr>
<td title='org.sweatshop.format_server.resources.FormatServerResourcesTest.getTemplateTest()'><b>getTemplateTest</b><br>Test class: org.sweatshop.format_server.resources.FormatServerResourcesTest</td>
<td></td>
<td>0</td>
<td>org.sweatshop.format_server.resources.FormatServerResourcesTest@27fe059d</td></tr>
<tr>
<td title='org.sweatshop.api.FormatServerConfigurationTest.getVariableTest()'><b>getVariableTest</b><br>Test class: org.sweatshop.api.FormatServerConfigurationTest</td>
<td></td>
<td>0</td>
<td>org.sweatshop.api.FormatServerConfigurationTest@766a52f5</td></tr>
<tr>
<td title='org.sweatshop.format_server.api.FormatServerSayingTest.instantiationTest()'><b>instantiationTest</b><br>Test class: org.sweatshop.format_server.api.FormatServerSayingTest</td>
<td></td>
<td>0</td>
<td>org.sweatshop.format_server.api.FormatServerSayingTest@4342c13</td></tr>
<tr>
<td title='org.sweatshop.format_server.config.FilesConfigTest.instantiationTest()'><b>instantiationTest</b><br>Test class: org.sweatshop.format_server.config.FilesConfigTest</td>
<td></td>
<td>0</td>
<td>org.sweatshop.format_server.config.FilesConfigTest@2ba1209b</td></tr>
<tr>
<td title='org.sweatshop.format_server.resources.FormatServerResourcesTest.readFileTest()'><b>readFileTest</b><br>Test class: org.sweatshop.format_server.resources.FormatServerResourcesTest<br>Parameters: src\test\resources\files\george, WATCH OUT FOR THAT TREE, null</td>
<td></td>
<td>0</td>
<td>org.sweatshop.format_server.resources.FormatServerResourcesTest@27fe059d</td></tr>
<tr>
<td title='org.sweatshop.format_server.resources.FormatServerResourcesTest.readFileTest()'><b>readFileTest</b><br>Test class: org.sweatshop.format_server.resources.FormatServerResourcesTest<br>Parameters: src\test\resources\files\john, , java.nio.file.NoSuchFileException: src\test\resources\files\john</td>
<td></td>
<td>0</td>
<td>org.sweatshop.format_server.resources.FormatServerResourcesTest@27fe059d</td></tr>
<tr>
<td title='org.sweatshop.format_server.resources.FormatServerResourcesTest.readFileTest()'><b>readFileTest</b><br>Test class: org.sweatshop.format_server.resources.FormatServerResourcesTest<br>Parameters: src\test\resources\header.html, Header from a file
line2 from the file, null</td>
<td></td>
<td>0</td>
<td>org.sweatshop.format_server.resources.FormatServerResourcesTest@27fe059d</td></tr>
<tr>
<td title='org.sweatshop.format_server.resources.FormatServerResourcesTest.readFileTest()'><b>readFileTest</b><br>Test class: org.sweatshop.format_server.resources.FormatServerResourcesTest<br>Parameters: src\test\resources\footer.html, footer from a file, null</td>
<td></td>
<td>0</td>
<td>org.sweatshop.format_server.resources.FormatServerResourcesTest@27fe059d</td></tr>
<tr>
<td title='org.sweatshop.format_server.resources.FormatServerResourcesTest.readFileTest()'><b>readFileTest</b><br>Test class: org.sweatshop.format_server.resources.FormatServerResourcesTest<br>Parameters: src\test\resources\foot, , java.nio.file.NoSuchFileException: src\test\resources\foot</td>
<td></td>
<td>0</td>
<td>org.sweatshop.format_server.resources.FormatServerResourcesTest@27fe059d</td></tr>
<tr>
<td title='org.sweatshop.format_server.resources.FormatServerResourcesTest.sayHello2Test()'><b>sayHello2Test</b><br>Test class: org.sweatshop.format_server.resources.FormatServerResourcesTest<br>Parameters: Optional.empty, Header from a file
line2 from the file Stranger footer from a file, Hello, %s!, Stranger</td>
<td></td>
<td>0</td>
<td>org.sweatshop.format_server.resources.FormatServerResourcesTest@27fe059d</td></tr>
<tr>
<td title='org.sweatshop.format_server.resources.FormatServerResourcesTest.sayHello2Test()'><b>sayHello2Test</b><br>Test class: org.sweatshop.format_server.resources.FormatServerResourcesTest<br>Parameters: Optional[Hello], Header from a file
line2 from the file Hello footer from a file, Hello, %s!, Stranger</td>
<td></td>
<td>0</td>
<td>org.sweatshop.format_server.resources.FormatServerResourcesTest@27fe059d</td></tr>
<tr>
<td title='org.sweatshop.format_server.resources.FormatServerResourcesTest.sayHello2Test()'><b>sayHello2Test</b><br>Test class: org.sweatshop.format_server.resources.FormatServerResourcesTest<br>Parameters: Optional[George], Header from a file
line2 from the file George footer from a file, Hello, %s!, Stranger</td>
<td></td>
<td>0</td>
<td>org.sweatshop.format_server.resources.FormatServerResourcesTest@27fe059d</td></tr>
<tr>
<td title='org.sweatshop.format_server.resources.FormatServerResourcesTest.sayHello2Test()'><b>sayHello2Test</b><br>Test class: org.sweatshop.format_server.resources.FormatServerResourcesTest<br>Parameters: Optional[src/test/resources/footer.html], Header from a file
line2 from the file src/test/resources/footer.html footer from a file, Hello, %s!, Stranger</td>
<td></td>
<td>0</td>
<td>org.sweatshop.format_server.resources.FormatServerResourcesTest@27fe059d</td></tr>
<tr>
<td title='org.sweatshop.format_server.resources.FormatServerResourcesTest.sayHello3Test()'><b>sayHello3Test</b><br>Test class: org.sweatshop.format_server.resources.FormatServerResourcesTest<br>Parameters: Optional.empty, Header from a file
line2 from the file Error 404:
    File not found footer from a file, Hello, %s!, Stranger, java.util.NoSuchElementException: No value present</td>
<td></td>
<td>0</td>
<td>org.sweatshop.format_server.resources.FormatServerResourcesTest@27fe059d</td></tr>
<tr>
<td title='org.sweatshop.format_server.resources.FormatServerResourcesTest.sayHello3Test()'><b>sayHello3Test</b><br>Test class: org.sweatshop.format_server.resources.FormatServerResourcesTest<br>Parameters: Optional[Hello], Header from a file
line2 from the file Error 404:
    File not found footer from a file, Hello, %s!, Stranger, null</td>
<td></td>
<td>0</td>
<td>org.sweatshop.format_server.resources.FormatServerResourcesTest@27fe059d</td></tr>
<tr>
<td title='org.sweatshop.format_server.resources.FormatServerResourcesTest.sayHello3Test()'><b>sayHello3Test</b><br>Test class: org.sweatshop.format_server.resources.FormatServerResourcesTest<br>Parameters: Optional[george], Header from a file
line2 from the file WATCH OUT FOR THAT TREE footer from a file, Hello, %s!, Stranger, null</td>
<td></td>
<td>0</td>
<td>org.sweatshop.format_server.resources.FormatServerResourcesTest@27fe059d</td></tr>
<tr>
<td title='org.sweatshop.format_server.resources.FormatServerResourcesTest.sayHello3Test()'><b>sayHello3Test</b><br>Test class: org.sweatshop.format_server.resources.FormatServerResourcesTest<br>Parameters: Optional[src/test/resources/footer.html], Header from a file
line2 from the file Error 404:
    File not found footer from a file, Hello, %s!, Stranger, null</td>
<td></td>
<td>0</td>
<td>org.sweatshop.format_server.resources.FormatServerResourcesTest@27fe059d</td></tr>
<tr>
<td title='org.sweatshop.format_server.resources.FormatServerResourcesTest.sayHelloTest()'><b>sayHelloTest</b><br>Test class: org.sweatshop.format_server.resources.FormatServerResourcesTest<br>Parameters: Optional.empty, Hello, Stranger!, Hello, %s!, Stranger</td>
<td></td>
<td>0</td>
<td>org.sweatshop.format_server.resources.FormatServerResourcesTest@27fe059d</td></tr>
<tr>
<td title='org.sweatshop.format_server.resources.FormatServerResourcesTest.sayHelloTest()'><b>sayHelloTest</b><br>Test class: org.sweatshop.format_server.resources.FormatServerResourcesTest<br>Parameters: Optional[Hello], Hello, Hello!, Hello, %s!, Stranger</td>
<td></td>
<td>0</td>
<td>org.sweatshop.format_server.resources.FormatServerResourcesTest@27fe059d</td></tr>
<tr>
<td title='org.sweatshop.format_server.resources.FormatServerResourcesTest.sayHelloTest()'><b>sayHelloTest</b><br>Test class: org.sweatshop.format_server.resources.FormatServerResourcesTest<br>Parameters: Optional[George], Hello, George!, Hello, %s!, Stranger</td>
<td></td>
<td>0</td>
<td>org.sweatshop.format_server.resources.FormatServerResourcesTest@27fe059d</td></tr>
<tr>
<td title='org.sweatshop.format_server.resources.FormatServerResourcesTest.sayHelloTest()'><b>sayHelloTest</b><br>Test class: org.sweatshop.format_server.resources.FormatServerResourcesTest<br>Parameters: Optional[src/test/resources/footer.html], Hello, src/test/resources/footer.html!, Hello, %s!, Stranger</td>
<td></td>
<td>0</td>
<td>org.sweatshop.format_server.resources.FormatServerResourcesTest@27fe059d</td></tr>
</table><p>
</body>
</html>